1548929547379:newgenre drama
1548929560202:newGenre drama
1548929691646:new drama
1548929703752:newgenre drama
1548929744807:newgenre
1548929791893:new drama
1548930033323:newgenre detective
1548930062314:updategenre detective comedian
1548930363656:getallgenres
1548931076953:getallgenres s
1548931087783:new genre
1548931093747:newgenre
1548931620468:new author a b c
1548931634098:newauthor a b c
1548931672067:newauthor a b 66.66.66
1548932028351:newauthor 1 3 111213
1548932044357:newauthor 1 3
1548932114209:newauthor Олдос Хаксли 1894-07-26
1548933831618:newauthor Олдос Хак 1894-07-26
1548933843728:getauthorsb d
1548933853432:getauthorsb 1894-07-26
1548938997229:getauthorsb 1894-07-00
1548939006204:getauthorsb 1894-07-25
1548939240075:updategenre a b
1548939608877:editauthor a b c 2000-11-12
1548939770028:deleteauthor ха
1548939779278:deleteauthor Хаксли
1548941135856:newbook казки 222 1
1548941309631:newbook сказки 2 133
1548941326379:newbook сказки 22
1548941371418:newbook сказки 2 1
1548941386700:newbook сказки 2 2
1548942415904:Добавлена книга сказки с идентификатором 4editbook 3 3 3 3
1548942464629:editbook
1548942493856:editbook 3 er 33 4
1548942514892:newbook сказки 2 2
1548942556529:Добавлена книга сказки с идентификатором 4editbook 6 страшилки 2 44
1548942573440:editbook 6 страшилки 2 44
1548942587059:editbook 16 страшилки 2
1548942596623:editbook 16 страшилки 2 2
1548942611059:editbook 6 страшилки 2 2
1548945189014:deletegenre comedian
1548945447573:newgenre comedian
1548946098247:getgenresbyname g
1548946246707:newgenre comedian
1548956658662:newgenre драма
1548956933273:newgenre комедия
1548957148969:deleteauthorall
1549020151528:newgenre test
1549020162897:new genre test
1549020171431:newgenre test
1549020761453:getallgenres
1549020888304:getallgenres stacktrace
1549020898147:getallgenres --stacktrace
1549020903916:stacktrace
1549021063718:getallgenres
1549021121508:stacktrace
1549021358155:getallgenres
1549021376469:newgenre test
1549021387256:getallgenres
1549021808662:newauthor a b c
1549021826830:new author a b 1900-10-10
1549021842731:newauthor a b 1900-10-10
1549026137325:edit boob 1 1 1 1
1549026150555:editbook 1 1 1 1
1549026339054:editbook 1 test 136 666
1549026360811:editbook 1 test 136 135
1549026384532:editbook 84 test 136 135
1549026928358:newbook 1 2 3
1549026955676:newbook 1 236 3
1549026978551:newbook 1 136 3
1549027004053:newbook test 136 135
1549028811202:422
1549028830232:getbooksbya 2222
1549028934528:getbooksbya  140
1549028945544:getbooksbya 140
1549029003993:stacktrace
1549029114736:getbooksbya 555
1549029122883:getbooksbya 140
1549029197950:stacktrace
1549029440582:getbooksbya 140
1549029909511:getbooksbya 136
1549029926020:getbooksbyt test
1549029935160:getbooksbyt esf
1549029987902:stacktrace
1549030175887:getbooksbya 136
1549030414220:stacktrace
1549030504977:getbooksbya 130
1549030526811:getbooksbya 136
1549030757861:stacktrace
1549030861216:getbooksbya 136
1549031273146:getbooksbya 1363
1549031284940:getbooksbya 140
1549032469766:editbook 84 test1 136 135
1549032507298:editbook 84 test11 1336 135
1549032517538:editbook 84 test1 136 13533
1549032524964:editbook 843 test1 136 135
1549032535381:editbook 84 test1 136 135
